2023-05-05 12:11:15.869 [restartedMain] INFO  i.premium.backend.BackendApplication - Starting BackendApplication using Java 17.0.1 with PID 22768 (C:\InsuranceProject\team1insurance\backend\backend\target\classes started by 235925 in C:\InsuranceProject\team1insurance\backend)
2023-05-05 12:11:15.876 [restartedMain] INFO  i.premium.backend.BackendApplication - No active profile set, falling back to 1 default profile: "default"
2023-05-05 12:11:15.991 [restartedMain] INFO  o.s.b.d.e.DevToolsPropertyDefaultsPostProcessor - Devtools property defaults active! Set 'spring.devtools.add-properties' to 'false' to disable
2023-05-05 12:11:16.011 [restartedMain] INFO  o.s.b.d.e.DevToolsPropertyDefaultsPostProcessor - For additional web related logging consider setting the 'logging.level.web' property to 'DEBUG'
2023-05-05 12:11:17.434 [restartedMain] INFO  o.s.d.r.c.RepositoryConfigurationDelegate - Bootstrapping Spring Data JPA repositories in DEFAULT mode.
2023-05-05 12:11:17.646 [restartedMain] INFO  o.s.d.r.c.RepositoryConfigurationDelegate - Finished Spring Data repository scanning in 197 ms. Found 5 JPA repository interfaces.
2023-05-05 12:11:19.287 [restartedMain] INFO  o.s.b.w.e.tomcat.TomcatWebServer - Tomcat initialized with port(s): 8080 (http)
2023-05-05 12:11:19.304 [restartedMain] INFO  o.a.coyote.http11.Http11NioProtocol - Initializing ProtocolHandler ["http-nio-8080"]
2023-05-05 12:11:19.306 [restartedMain] INFO  o.a.catalina.core.StandardService - Starting service [Tomcat]
2023-05-05 12:11:19.307 [restartedMain] INFO  o.a.catalina.core.StandardEngine - Starting Servlet engine: [Apache Tomcat/10.1.7]
2023-05-05 12:11:19.884 [restartedMain] INFO  o.a.c.c.C.[Tomcat].[localhost].[/] - Initializing Spring embedded WebApplicationContext
2023-05-05 12:11:19.887 [restartedMain] INFO  o.s.b.w.s.c.ServletWebServerApplicationContext - Root WebApplicationContext: initialization completed in 3872 ms
2023-05-05 12:11:20.193 [restartedMain] INFO  o.h.jpa.internal.util.LogHelper - HHH000204: Processing PersistenceUnitInfo [name: default]
2023-05-05 12:11:20.305 [restartedMain] INFO  org.hibernate.Version - HHH000412: Hibernate ORM core version 6.1.7.Final
2023-05-05 12:11:20.848 [restartedMain] INFO  com.zaxxer.hikari.HikariDataSource - HikariPool-1 - Starting...
2023-05-05 12:11:21.100 [restartedMain] INFO  com.zaxxer.hikari.pool.HikariPool - HikariPool-1 - Added connection com.mysql.cj.jdbc.ConnectionImpl@932d1b0
2023-05-05 12:11:21.103 [restartedMain] INFO  com.zaxxer.hikari.HikariDataSource - HikariPool-1 - Start completed.
2023-05-05 12:11:21.186 [restartedMain] WARN  org.hibernate.dialect.Dialect - HHH000511: The 5.6.21 version for [org.hibernate.dialect.MySQLDialect] is no longer supported, hence certain features may not work properly. The minimum supported version is 5.7.0. Check the community dialects project for available legacy versions.
2023-05-05 12:11:21.196 [restartedMain] INFO  SQL dialect - HHH000400: Using dialect: org.hibernate.dialect.MySQLDialect
2023-05-05 12:11:22.764 [restartedMain] INFO  o.h.e.t.j.p.i.JtaPlatformInitiator - HHH000490: Using JtaPlatform implementation: [org.hibernate.engine.transaction.jta.platform.internal.NoJtaPlatform]
2023-05-05 12:11:22.778 [restartedMain] INFO  o.s.o.j.LocalContainerEntityManagerFactoryBean - Initialized JPA EntityManagerFactory for persistence unit 'default'
2023-05-05 12:11:23.576 [restartedMain] WARN  o.d.c.k.builder.impl.KieBuilderImpl - File 'policy.drl' is in folder '' but declares package 'KieRule'. It is advised to have a correspondance between package and folder names.
2023-05-05 12:11:24.811 [restartedMain] INFO  o.d.c.k.b.impl.KieContainerImpl - Start creation of KieBase: defaultKieBase
2023-05-05 12:11:24.929 [restartedMain] INFO  o.d.c.k.b.impl.KieContainerImpl - End creation of KieBase: defaultKieBase
2023-05-05 12:11:25.408 [restartedMain] WARN  o.s.b.a.o.j.JpaBaseConfiguration$JpaWebConfiguration - spring.jpa.open-in-view is enabled by default. Therefore, database queries may be performed during view rendering. Explicitly configure spring.jpa.open-in-view to disable this warning
2023-05-05 12:11:25.952 [restartedMain] WARN  o.s.b.a.t.ThymeleafAutoConfiguration$DefaultTemplateResolverConfiguration - Cannot find template location: classpath:/templates/ (please add some templates, check your Thymeleaf configuration, or set spring.thymeleaf.check-template-location=false)
2023-05-05 12:11:26.133 [restartedMain] INFO  o.s.b.d.a.OptionalLiveReloadServer - LiveReload server is running on port 35729
2023-05-05 12:11:26.175 [restartedMain] INFO  o.a.coyote.http11.Http11NioProtocol - Starting ProtocolHandler ["http-nio-8080"]
2023-05-05 12:11:26.229 [restartedMain] INFO  o.s.b.w.e.tomcat.TomcatWebServer - Tomcat started on port(s): 8080 (http) with context path ''
2023-05-05 12:11:26.258 [restartedMain] INFO  i.premium.backend.BackendApplication - Started BackendApplication in 11.069 seconds (process running for 12.375)
2023-05-05 12:11:58.449 [SpringApplicationShutdownHook] INFO  o.s.o.j.LocalContainerEntityManagerFactoryBean - Closing JPA EntityManagerFactory for persistence unit 'default'
2023-05-05 12:11:58.458 [SpringApplicationShutdownHook] INFO  com.zaxxer.hikari.HikariDataSource - HikariPool-1 - Shutdown initiated...
2023-05-05 12:11:58.472 [SpringApplicationShutdownHook] INFO  com.zaxxer.hikari.HikariDataSource - HikariPool-1 - Shutdown completed.
2023-05-05 12:12:11.948 [restartedMain] INFO  i.premium.backend.BackendApplication - Starting BackendApplication using Java 17.0.1 with PID 23696 (C:\InsuranceProject\team1insurance\backend\backend\target\classes started by 235925 in C:\InsuranceProject\team1insurance\backend)
2023-05-05 12:12:11.955 [restartedMain] INFO  i.premium.backend.BackendApplication - No active profile set, falling back to 1 default profile: "default"
2023-05-05 12:12:12.109 [restartedMain] INFO  o.s.b.d.e.DevToolsPropertyDefaultsPostProcessor - Devtools property defaults active! Set 'spring.devtools.add-properties' to 'false' to disable
2023-05-05 12:12:12.110 [restartedMain] INFO  o.s.b.d.e.DevToolsPropertyDefaultsPostProcessor - For additional web related logging consider setting the 'logging.level.web' property to 'DEBUG'
2023-05-05 12:12:13.760 [restartedMain] INFO  o.s.d.r.c.RepositoryConfigurationDelegate - Bootstrapping Spring Data JPA repositories in DEFAULT mode.
2023-05-05 12:12:13.942 [restartedMain] INFO  o.s.d.r.c.RepositoryConfigurationDelegate - Finished Spring Data repository scanning in 165 ms. Found 5 JPA repository interfaces.
2023-05-05 12:12:16.061 [restartedMain] INFO  o.s.b.w.e.tomcat.TomcatWebServer - Tomcat initialized with port(s): 8080 (http)
2023-05-05 12:12:16.081 [restartedMain] INFO  o.a.coyote.http11.Http11NioProtocol - Initializing ProtocolHandler ["http-nio-8080"]
2023-05-05 12:12:16.083 [restartedMain] INFO  o.a.catalina.core.StandardService - Starting service [Tomcat]
2023-05-05 12:12:16.084 [restartedMain] INFO  o.a.catalina.core.StandardEngine - Starting Servlet engine: [Apache Tomcat/10.1.7]
2023-05-05 12:12:16.266 [restartedMain] INFO  o.a.c.c.C.[Tomcat].[localhost].[/] - Initializing Spring embedded WebApplicationContext
2023-05-05 12:12:16.271 [restartedMain] INFO  o.s.b.w.s.c.ServletWebServerApplicationContext - Root WebApplicationContext: initialization completed in 4155 ms
2023-05-05 12:12:16.644 [restartedMain] INFO  o.h.jpa.internal.util.LogHelper - HHH000204: Processing PersistenceUnitInfo [name: default]
2023-05-05 12:12:16.789 [restartedMain] INFO  org.hibernate.Version - HHH000412: Hibernate ORM core version 6.1.7.Final
2023-05-05 12:12:17.983 [restartedMain] INFO  com.zaxxer.hikari.HikariDataSource - HikariPool-1 - Starting...
2023-05-05 12:12:18.392 [restartedMain] INFO  com.zaxxer.hikari.pool.HikariPool - HikariPool-1 - Added connection com.mysql.cj.jdbc.ConnectionImpl@2ef3c71c
2023-05-05 12:12:18.396 [restartedMain] INFO  com.zaxxer.hikari.HikariDataSource - HikariPool-1 - Start completed.
2023-05-05 12:12:18.510 [restartedMain] WARN  org.hibernate.dialect.Dialect - HHH000511: The 5.6.21 version for [org.hibernate.dialect.MySQLDialect] is no longer supported, hence certain features may not work properly. The minimum supported version is 5.7.0. Check the community dialects project for available legacy versions.
2023-05-05 12:12:18.523 [restartedMain] INFO  SQL dialect - HHH000400: Using dialect: org.hibernate.dialect.MySQLDialect
2023-05-05 12:12:20.900 [restartedMain] INFO  o.h.e.t.j.p.i.JtaPlatformInitiator - HHH000490: Using JtaPlatform implementation: [org.hibernate.engine.transaction.jta.platform.internal.NoJtaPlatform]
2023-05-05 12:12:20.922 [restartedMain] INFO  o.s.o.j.LocalContainerEntityManagerFactoryBean - Initialized JPA EntityManagerFactory for persistence unit 'default'
2023-05-05 12:12:22.281 [restartedMain] WARN  o.d.c.k.builder.impl.KieBuilderImpl - File 'policy.drl' is in folder '' but declares package 'KieRule'. It is advised to have a correspondance between package and folder names.
2023-05-05 12:12:23.717 [restartedMain] INFO  o.d.c.k.b.impl.KieContainerImpl - Start creation of KieBase: defaultKieBase
2023-05-05 12:12:23.839 [restartedMain] INFO  o.d.c.k.b.impl.KieContainerImpl - End creation of KieBase: defaultKieBase
2023-05-05 12:12:24.268 [restartedMain] WARN  o.s.b.a.o.j.JpaBaseConfiguration$JpaWebConfiguration - spring.jpa.open-in-view is enabled by default. Therefore, database queries may be performed during view rendering. Explicitly configure spring.jpa.open-in-view to disable this warning
2023-05-05 12:12:24.937 [restartedMain] WARN  o.s.b.a.t.ThymeleafAutoConfiguration$DefaultTemplateResolverConfiguration - Cannot find template location: classpath:/templates/ (please add some templates, check your Thymeleaf configuration, or set spring.thymeleaf.check-template-location=false)
2023-05-05 12:12:25.122 [restartedMain] INFO  o.s.b.d.a.OptionalLiveReloadServer - LiveReload server is running on port 35729
2023-05-05 12:12:25.170 [restartedMain] INFO  o.a.coyote.http11.Http11NioProtocol - Starting ProtocolHandler ["http-nio-8080"]
2023-05-05 12:12:25.225 [restartedMain] INFO  o.s.b.w.e.tomcat.TomcatWebServer - Tomcat started on port(s): 8080 (http) with context path ''
2023-05-05 12:12:25.255 [restartedMain] INFO  i.premium.backend.BackendApplication - Started BackendApplication in 14.007 seconds (process running for 15.986)
2023-05-05 12:12:59.173 [SpringApplicationShutdownHook] INFO  o.s.o.j.LocalContainerEntityManagerFactoryBean - Closing JPA EntityManagerFactory for persistence unit 'default'
2023-05-05 12:12:59.181 [SpringApplicationShutdownHook] INFO  com.zaxxer.hikari.HikariDataSource - HikariPool-1 - Shutdown initiated...
2023-05-05 12:12:59.196 [SpringApplicationShutdownHook] INFO  com.zaxxer.hikari.HikariDataSource - HikariPool-1 - Shutdown completed.
